<?xml version="1.0" encoding="UTF-8"?>
<coverage generated="1688493449791" clover="3.2.0">
  <project timestamp="1688493449791" name="All files">
    <metrics statements="42" coveredstatements="42" conditionals="50" coveredconditionals="43" methods="13" coveredmethods="13" elements="105" coveredelements="98" complexity="0" loc="42" ncloc="42" packages="3" files="3" classes="3"/>
    <package name="backend-rogue-one">
      <metrics statements="4" coveredstatements="4" conditionals="0" coveredconditionals="0" methods="0" coveredmethods="0"/>
      <file name="knexfile.ts" path="C:\Users\Marcos Paulo\OneDrive\Documentos\Rethink\Academy\Repos\backend-rogue-one\knexfile.ts">
        <metrics statements="4" coveredstatements="4" conditionals="0" coveredconditionals="0" methods="0" coveredmethods="0"/>
        <line num="2" count="1" type="stmt"/>
        <line num="3" count="1" type="stmt"/>
        <line num="7" count="1" type="stmt"/>
        <line num="19" count="1" type="stmt"/>
      </file>
    </package>
    <package name="backend-rogue-one.src.repositories">
      <metrics statements="22" coveredstatements="22" conditionals="50" coveredconditionals="43" methods="8" coveredmethods="8"/>
      <file name="inventoryRepository.ts" path="C:\Users\Marcos Paulo\OneDrive\Documentos\Rethink\Academy\Repos\backend-rogue-one\src\repositories\inventoryRepository.ts">
        <metrics statements="22" coveredstatements="22" conditionals="50" coveredconditionals="43" methods="8" coveredmethods="8"/>
        <line num="1" count="1" type="stmt"/>
        <line num="2" count="1" type="stmt"/>
        <line num="4" count="1" type="stmt"/>
        <line num="59" count="13" type="stmt"/>
        <line num="71" count="1" type="stmt"/>
        <line num="76" count="11" type="stmt"/>
        <line num="77" count="11" type="cond" truecount="0" falsecount="1"/>
        <line num="79" count="11" type="stmt"/>
        <line num="83" count="11" type="cond" truecount="6" falsecount="0"/>
        <line num="86" count="11" type="cond" truecount="6" falsecount="0"/>
        <line num="89" count="11" type="cond" truecount="6" falsecount="0"/>
        <line num="92" count="11" type="cond" truecount="6" falsecount="0"/>
        <line num="95" count="11" type="cond" truecount="2" falsecount="0"/>
        <line num="97" count="1" type="stmt"/>
        <line num="101" count="11" type="cond" truecount="2" falsecount="0"/>
        <line num="111" count="1" type="stmt"/>
        <line num="115" count="2" type="stmt"/>
        <line num="116" count="2" type="cond" truecount="0" falsecount="1"/>
        <line num="118" count="2" type="stmt"/>
        <line num="122" count="2" type="cond" truecount="2" falsecount="0"/>
        <line num="125" count="2" type="cond" truecount="1" falsecount="1"/>
        <line num="130" count="1" type="stmt"/>
      </file>
    </package>
    <package name="backend-rogue-one.src.services">
      <metrics statements="16" coveredstatements="16" conditionals="0" coveredconditionals="0" methods="5" coveredmethods="5"/>
      <file name="inventoryServices.ts" path="C:\Users\Marcos Paulo\OneDrive\Documentos\Rethink\Academy\Repos\backend-rogue-one\src\services\inventoryServices.ts">
        <metrics statements="16" coveredstatements="16" conditionals="0" coveredconditionals="0" methods="5" coveredmethods="5"/>
        <line num="1" count="1" type="stmt"/>
        <line num="15" count="1" type="stmt"/>
        <line num="23" count="1" type="stmt"/>
        <line num="33" count="1" type="stmt"/>
        <line num="38" count="1" type="stmt"/>
        <line num="39" count="2" type="stmt"/>
        <line num="40" count="2" type="stmt"/>
        <line num="44" count="1" type="stmt"/>
        <line num="46" count="1" type="stmt"/>
        <line num="47" count="1" type="stmt"/>
        <line num="51" count="4" type="stmt"/>
        <line num="52" count="4" type="stmt"/>
        <line num="53" count="4" type="stmt"/>
        <line num="64" count="4" type="stmt"/>
        <line num="68" count="29994" type="stmt"/>
        <line num="73" count="1" type="stmt"/>
      </file>
    </package>
  </project>
</coverage>
