{"C:\\Users\\Vinicius Delmo\\Desktop\\produtoFinal\\backend-rogue-one\\src\\repositories\\authRepository.ts": {"path":"C:\\Users\\Vinicius Delmo\\Desktop\\produtoFinal\\backend-rogue-one\\src\\repositories\\authRepository.ts","statementMap":{"0":{"start":{"line":1,"column":0},"end":{"line":1,"column":24}},"1":{"start":{"line":4,"column":11},"end":{"line":13,"column":2}},"2":{"start":{"line":16,"column":2},"end":{"line":21,"column":null}},"3":{"start":{"line":17,"column":17},"end":{"line":17,"column":67}},"4":{"start":{"line":18,"column":4},"end":{"line":18,"column":16}},"5":{"start":{"line":20,"column":4},"end":{"line":20,"column":44}},"6":{"start":{"line":15,"column":0},"end":{"line":15,"column":22}},"7":{"start":{"line":29,"column":2},"end":{"line":39,"column":null}},"8":{"start":{"line":30,"column":23},"end":{"line":35,"column":6}},"9":{"start":{"line":36,"column":4},"end":{"line":36,"column":16}},"10":{"start":{"line":38,"column":4},"end":{"line":38,"column":45}},"11":{"start":{"line":24,"column":0},"end":{"line":24,"column":22}},"12":{"start":{"line":43,"column":2},"end":{"line":51,"column":null}},"13":{"start":{"line":44,"column":4},"end":{"line":48,"column":24}},"14":{"start":{"line":50,"column":4},"end":{"line":50,"column":45}},"15":{"start":{"line":42,"column":0},"end":{"line":42,"column":22}},"16":{"start":{"line":58,"column":2},"end":{"line":67,"column":null}},"17":{"start":{"line":59,"column":4},"end":{"line":64,"column":24}},"18":{"start":{"line":66,"column":4},"end":{"line":66,"column":47}},"19":{"start":{"line":54,"column":0},"end":{"line":54,"column":22}},"20":{"start":{"line":70,"column":0},"end":{"line":70,"column":79}}},"fnMap":{"0":{"name":"findUserByEmail","decl":{"start":{"line":15,"column":22},"end":{"line":15,"column":37}},"loc":{"start":{"line":15,"column":51},"end":{"line":22,"column":null}}},"1":{"name":"createUser","decl":{"start":{"line":24,"column":22},"end":{"line":24,"column":32}},"loc":{"start":{"line":27,"column":18},"end":{"line":40,"column":null}}},"2":{"name":"updateUser","decl":{"start":{"line":42,"column":22},"end":{"line":42,"column":32}},"loc":{"start":{"line":42,"column":61},"end":{"line":52,"column":null}}},"3":{"name":"updateUserPassword","decl":{"start":{"line":54,"column":22},"end":{"line":54,"column":40}},"loc":{"start":{"line":56,"column":18},"end":{"line":68,"column":null}}}},"branchMap":{},"s":{"0":1,"1":1,"2":0,"3":0,"4":0,"5":0,"6":1,"7":0,"8":0,"9":0,"10":0,"11":1,"12":0,"13":0,"14":0,"15":1,"16":0,"17":0,"18":0,"19":1,"20":1},"f":{"0":0,"1":0,"2":0,"3":0},"b":{}}
,"C:\\Users\\Vinicius Delmo\\Desktop\\produtoFinal\\backend-rogue-one\\src\\services\\authService.ts": {"path":"C:\\Users\\Vinicius Delmo\\Desktop\\produtoFinal\\backend-rogue-one\\src\\services\\authService.ts","statementMap":{"0":{"start":{"line":1,"column":0},"end":{"line":1,"column":60}},"1":{"start":{"line":2,"column":0},"end":{"line":2,"column":49}},"2":{"start":{"line":3,"column":0},"end":{"line":3,"column":31}},"3":{"start":{"line":4,"column":0},"end":{"line":4,"column":36}},"4":{"start":{"line":7,"column":2},"end":{"line":9,"column":null}},"5":{"start":{"line":8,"column":4},"end":{"line":8,"column":54}},"6":{"start":{"line":10,"column":15},"end":{"line":10,"column":58}},"7":{"start":{"line":12,"column":2},"end":{"line":14,"column":null}},"8":{"start":{"line":13,"column":4},"end":{"line":13,"column":38}},"9":{"start":{"line":16,"column":2},"end":{"line":18,"column":null}},"10":{"start":{"line":17,"column":4},"end":{"line":17,"column":106}},"11":{"start":{"line":20,"column":2},"end":{"line":38,"column":null}},"12":{"start":{"line":21,"column":20},"end":{"line":21,"column":76}},"13":{"start":{"line":23,"column":4},"end":{"line":37,"column":null}},"14":{"start":{"line":26,"column":20},"end":{"line":31,"column":null}},"15":{"start":{"line":33,"column":6},"end":{"line":33,"column":null}},"16":{"start":{"line":34,"column":6},"end":{"line":34,"column":19}},"17":{"start":{"line":36,"column":6},"end":{"line":36,"column":40}},"18":{"start":{"line":6,"column":0},"end":{"line":6,"column":22}},"19":{"start":{"line":42,"column":15},"end":{"line":42,"column":58}},"20":{"start":{"line":44,"column":2},"end":{"line":52,"column":null}},"21":{"start":{"line":45,"column":27},"end":{"line":45,"column":72}},"22":{"start":{"line":47,"column":4},"end":{"line":51,"column":null}},"23":{"start":{"line":48,"column":22},"end":{"line":48,"column":76}},"24":{"start":{"line":50,"column":6},"end":{"line":50,"column":21}},"25":{"start":{"line":41,"column":0},"end":{"line":41,"column":22}},"26":{"start":{"line":56,"column":15},"end":{"line":56,"column":58}},"27":{"start":{"line":58,"column":2},"end":{"line":71,"column":null}},"28":{"start":{"line":59,"column":27},"end":{"line":59,"column":72}},"29":{"start":{"line":61,"column":4},"end":{"line":68,"column":null}},"30":{"start":{"line":62,"column":26},"end":{"line":64,"column":null}},"31":{"start":{"line":67,"column":6},"end":{"line":67,"column":25}},"32":{"start":{"line":70,"column":4},"end":{"line":70,"column":61}},"33":{"start":{"line":55,"column":0},"end":{"line":55,"column":22}},"34":{"start":{"line":75,"column":2},"end":{"line":102,"column":null}},"35":{"start":{"line":77,"column":18},"end":{"line":79,"column":6}},"36":{"start":{"line":82,"column":4},"end":{"line":82,"column":50}},"37":{"start":{"line":84,"column":24},"end":{"line":90,"column":6}},"38":{"start":{"line":91,"column":29},"end":{"line":91,"column":98}},"39":{"start":{"line":93,"column":4},"end":{"line":98,"column":7}},"40":{"start":{"line":99,"column":4},"end":{"line":99,"column":71}},"41":{"start":{"line":101,"column":4},"end":{"line":101,"column":71}},"42":{"start":{"line":74,"column":0},"end":{"line":74,"column":22}},"43":{"start":{"line":105,"column":0},"end":{"line":105,"column":72}}},"fnMap":{"0":{"name":"login","decl":{"start":{"line":6,"column":22},"end":{"line":6,"column":27}},"loc":{"start":{"line":6,"column":59},"end":{"line":39,"column":null}}},"1":{"name":"signUp","decl":{"start":{"line":41,"column":22},"end":{"line":41,"column":28}},"loc":{"start":{"line":41,"column":74},"end":{"line":53,"column":null}}},"2":{"name":"resetPassword","decl":{"start":{"line":55,"column":22},"end":{"line":55,"column":35}},"loc":{"start":{"line":55,"column":67},"end":{"line":72,"column":null}}},"3":{"name":"sendPasswordResetEmail","decl":{"start":{"line":74,"column":22},"end":{"line":74,"column":44}},"loc":{"start":{"line":74,"column":58},"end":{"line":103,"column":null}}}},"branchMap":{"0":{"loc":{"start":{"line":7,"column":2},"end":{"line":9,"column":null}},"type":"if","locations":[{"start":{"line":7,"column":2},"end":{"line":9,"column":null}}]},"1":{"loc":{"start":{"line":7,"column":6},"end":{"line":7,"column":25}},"type":"binary-expr","locations":[{"start":{"line":7,"column":6},"end":{"line":7,"column":12}},{"start":{"line":7,"column":16},"end":{"line":7,"column":25}}]},"2":{"loc":{"start":{"line":12,"column":2},"end":{"line":14,"column":null}},"type":"if","locations":[{"start":{"line":12,"column":2},"end":{"line":14,"column":null}}]},"3":{"loc":{"start":{"line":16,"column":2},"end":{"line":18,"column":null}},"type":"if","locations":[{"start":{"line":16,"column":2},"end":{"line":18,"column":null}}]},"4":{"loc":{"start":{"line":20,"column":2},"end":{"line":38,"column":null}},"type":"if","locations":[{"start":{"line":20,"column":2},"end":{"line":38,"column":null}}]},"5":{"loc":{"start":{"line":23,"column":4},"end":{"line":37,"column":null}},"type":"if","locations":[{"start":{"line":23,"column":4},"end":{"line":37,"column":null}},{"start":{"line":35,"column":11},"end":{"line":37,"column":null}}]},"6":{"loc":{"start":{"line":44,"column":2},"end":{"line":52,"column":null}},"type":"if","locations":[{"start":{"line":44,"column":2},"end":{"line":52,"column":null}}]},"7":{"loc":{"start":{"line":47,"column":4},"end":{"line":51,"column":null}},"type":"if","locations":[{"start":{"line":47,"column":4},"end":{"line":51,"column":null}}]},"8":{"loc":{"start":{"line":58,"column":2},"end":{"line":71,"column":null}},"type":"if","locations":[{"start":{"line":58,"column":2},"end":{"line":71,"column":null}},{"start":{"line":69,"column":9},"end":{"line":71,"column":null}}]},"9":{"loc":{"start":{"line":58,"column":6},"end":{"line":58,"column":24}},"type":"binary-expr","locations":[{"start":{"line":58,"column":6},"end":{"line":58,"column":10}},{"start":{"line":58,"column":14},"end":{"line":58,"column":24}}]},"10":{"loc":{"start":{"line":61,"column":4},"end":{"line":68,"column":null}},"type":"if","locations":[{"start":{"line":61,"column":4},"end":{"line":68,"column":null}}]}},"s":{"0":1,"1":1,"2":1,"3":1,"4":3,"5":0,"6":3,"7":3,"8":1,"9":2,"10":1,"11":1,"12":1,"13":1,"14":1,"15":1,"16":1,"17":0,"18":1,"19":0,"20":0,"21":0,"22":0,"23":0,"24":0,"25":1,"26":2,"27":2,"28":1,"29":1,"30":1,"31":1,"32":1,"33":1,"34":0,"35":0,"36":0,"37":0,"38":0,"39":0,"40":0,"41":0,"42":1,"43":1},"f":{"0":3,"1":0,"2":2,"3":0},"b":{"0":[0],"1":[3,3],"2":[1],"3":[1],"4":[1],"5":[1,0],"6":[0],"7":[0],"8":[1,1],"9":[2,2],"10":[1]}}
,"C:\\Users\\Vinicius Delmo\\Desktop\\produtoFinal\\backend-rogue-one\\src\\utils\\passwordHash.ts": {"path":"C:\\Users\\Vinicius Delmo\\Desktop\\produtoFinal\\backend-rogue-one\\src\\utils\\passwordHash.ts","statementMap":{"0":{"start":{"line":1,"column":0},"end":{"line":1,"column":28}},"1":{"start":{"line":3,"column":19},"end":{"line":3,"column":21}},"2":{"start":{"line":7,"column":2},"end":{"line":12,"column":null}},"3":{"start":{"line":8,"column":25},"end":{"line":8,"column":64}},"4":{"start":{"line":9,"column":4},"end":{"line":9,"column":24}},"5":{"start":{"line":11,"column":4},"end":{"line":11,"column":44}},"6":{"start":{"line":18,"column":2},"end":{"line":23,"column":null}},"7":{"start":{"line":19,"column":20},"end":{"line":19,"column":56}},"8":{"start":{"line":20,"column":4},"end":{"line":20,"column":19}},"9":{"start":{"line":22,"column":4},"end":{"line":22,"column":44}},"10":{"start":{"line":26,"column":0},"end":{"line":28,"column":null}}},"fnMap":{"0":{"name":"generatePassword","decl":{"start":{"line":4,"column":15},"end":{"line":4,"column":31}},"loc":{"start":{"line":5,"column":18},"end":{"line":13,"column":null}}},"1":{"name":"validateUser","decl":{"start":{"line":14,"column":15},"end":{"line":14,"column":27}},"loc":{"start":{"line":16,"column":14},"end":{"line":24,"column":null}}}},"branchMap":{},"s":{"0":1,"1":1,"2":0,"3":0,"4":0,"5":0,"6":0,"7":0,"8":0,"9":0,"10":1},"f":{"0":0,"1":0},"b":{}}
}
