{"C:\\Users\\Marcos Paulo\\OneDrive\\Documentos\\Rethink\\Academy\\Repos\\backend-rogue-one\\knexfile.ts": {"path":"C:\\Users\\Marcos Paulo\\OneDrive\\Documentos\\Rethink\\Academy\\Repos\\backend-rogue-one\\knexfile.ts","statementMap":{"0":{"start":{"line":2,"column":0},"end":{"line":2,"column":33}},"1":{"start":{"line":3,"column":0},"end":{"line":3,"column":16}},"2":{"start":{"line":7,"column":28},"end":{"line":17,"column":2}},"3":{"start":{"line":19,"column":0},"end":{"line":19,"column":22}}},"fnMap":{},"branchMap":{},"s":{"0":1,"1":1,"2":1,"3":1},"f":{},"b":{}}
,"C:\\Users\\Marcos Paulo\\OneDrive\\Documentos\\Rethink\\Academy\\Repos\\backend-rogue-one\\src\\repositories\\inventoryRepository.ts": {"path":"C:\\Users\\Marcos Paulo\\OneDrive\\Documentos\\Rethink\\Academy\\Repos\\backend-rogue-one\\src\\repositories\\inventoryRepository.ts","statementMap":{"0":{"start":{"line":1,"column":0},"end":{"line":1,"column":24}},"1":{"start":{"line":2,"column":0},"end":{"line":2,"column":36}},"2":{"start":{"line":4,"column":21},"end":{"line":4,"column":33}},"3":{"start":{"line":59,"column":2},"end":{"line":59,"column":14}},"4":{"start":{"line":71,"column":24},"end":{"line":103,"column":2}},"5":{"start":{"line":76,"column":4},"end":{"line":103,"column":2}},"6":{"start":{"line":77,"column":2},"end":{"line":77,"column":59}},"7":{"start":{"line":77,"column":27},"end":{"line":77,"column":59}},"8":{"start":{"line":79,"column":2},"end":{"line":102,"column":7}},"9":{"start":{"line":83,"column":6},"end":{"line":85,"column":16}},"10":{"start":{"line":86,"column":6},"end":{"line":88,"column":16}},"11":{"start":{"line":89,"column":6},"end":{"line":91,"column":16}},"12":{"start":{"line":92,"column":6},"end":{"line":94,"column":16}},"13":{"start":{"line":95,"column":6},"end":{"line":100,"column":16}},"14":{"start":{"line":97,"column":37},"end":{"line":97,"column":62}},"15":{"start":{"line":101,"column":6},"end":{"line":101,"column":49}},"16":{"start":{"line":111,"column":23},"end":{"line":128,"column":2}},"17":{"start":{"line":115,"column":4},"end":{"line":128,"column":2}},"18":{"start":{"line":116,"column":2},"end":{"line":116,"column":59}},"19":{"start":{"line":116,"column":27},"end":{"line":116,"column":59}},"20":{"start":{"line":118,"column":2},"end":{"line":127,"column":27}},"21":{"start":{"line":122,"column":6},"end":{"line":124,"column":16}},"22":{"start":{"line":125,"column":6},"end":{"line":125,"column":79}},"23":{"start":{"line":130,"column":0},"end":{"line":130,"column":51}}},"fnMap":{"0":{"name":"validateCNPJ","decl":{"start":{"line":13,"column":9},"end":{"line":13,"column":21}},"loc":{"start":{"line":13,"column":34},"end":{"line":60,"column":1}}},"1":{"name":"(anonymous_9)","decl":{"start":{"line":71,"column":24},"end":{"line":71,"column":null}},"loc":{"start":{"line":76,"column":4},"end":{"line":103,"column":2}}},"2":{"name":"(anonymous_10)","decl":{"start":{"line":76,"column":4},"end":{"line":76,"column":null}},"loc":{"start":{"line":76,"column":4},"end":{"line":103,"column":1}}},"3":{"name":"(anonymous_11)","decl":{"start":{"line":82,"column":12},"end":{"line":82,"column":13}},"loc":{"start":{"line":82,"column":22},"end":{"line":102,"column":5}}},"4":{"name":"(anonymous_12)","decl":{"start":{"line":97,"column":12},"end":{"line":97,"column":13}},"loc":{"start":{"line":97,"column":37},"end":{"line":97,"column":62}}},"5":{"name":"(anonymous_13)","decl":{"start":{"line":111,"column":23},"end":{"line":111,"column":null}},"loc":{"start":{"line":115,"column":4},"end":{"line":128,"column":2}}},"6":{"name":"(anonymous_14)","decl":{"start":{"line":115,"column":4},"end":{"line":115,"column":null}},"loc":{"start":{"line":115,"column":4},"end":{"line":128,"column":1}}},"7":{"name":"(anonymous_15)","decl":{"start":{"line":121,"column":12},"end":{"line":121,"column":13}},"loc":{"start":{"line":121,"column":22},"end":{"line":126,"column":5}}}},"branchMap":{"0":{"loc":{"start":{"line":77,"column":2},"end":{"line":77,"column":59}},"type":"if","locations":[{"start":{"line":77,"column":2},"end":{"line":77,"column":59}}]},"1":{"loc":{"start":{"line":83,"column":14},"end":{"line":85,"column":15}},"type":"cond-expr","locations":[{"start":{"line":84,"column":10},"end":{"line":84,"column":70}},{"start":{"line":85,"column":10},"end":{"line":85,"column":15}}]},"2":{"loc":{"start":{"line":83,"column":14},"end":{"line":83,"column":27}},"type":"cond-expr","locations":[{"start":{"line":83,"column":21},"end":{"line":83,"column":23}},{"start":{"line":83,"column":14},"end":{"line":83,"column":27}}]},"3":{"loc":{"start":{"line":83,"column":14},"end":{"line":83,"column":23}},"type":"binary-expr","locations":[{"start":{"line":83,"column":14},"end":{"line":83,"column":23}},{"start":{"line":83,"column":14},"end":{"line":83,"column":23}}]},"4":{"loc":{"start":{"line":84,"column":56},"end":{"line":84,"column":69}},"type":"cond-expr","locations":[{"start":{"line":84,"column":63},"end":{"line":84,"column":65}},{"start":{"line":84,"column":56},"end":{"line":84,"column":69}}]},"5":{"loc":{"start":{"line":84,"column":56},"end":{"line":84,"column":65}},"type":"binary-expr","locations":[{"start":{"line":84,"column":56},"end":{"line":84,"column":65}},{"start":{"line":84,"column":56},"end":{"line":84,"column":65}}]},"6":{"loc":{"start":{"line":86,"column":14},"end":{"line":88,"column":15}},"type":"cond-expr","locations":[{"start":{"line":87,"column":10},"end":{"line":87,"column":72}},{"start":{"line":88,"column":10},"end":{"line":88,"column":15}}]},"7":{"loc":{"start":{"line":86,"column":14},"end":{"line":86,"column":28}},"type":"cond-expr","locations":[{"start":{"line":86,"column":21},"end":{"line":86,"column":23}},{"start":{"line":86,"column":14},"end":{"line":86,"column":28}}]},"8":{"loc":{"start":{"line":86,"column":14},"end":{"line":86,"column":23}},"type":"binary-expr","locations":[{"start":{"line":86,"column":14},"end":{"line":86,"column":23}},{"start":{"line":86,"column":14},"end":{"line":86,"column":23}}]},"9":{"loc":{"start":{"line":87,"column":57},"end":{"line":87,"column":71}},"type":"cond-expr","locations":[{"start":{"line":87,"column":64},"end":{"line":87,"column":66}},{"start":{"line":87,"column":57},"end":{"line":87,"column":71}}]},"10":{"loc":{"start":{"line":87,"column":57},"end":{"line":87,"column":66}},"type":"binary-expr","locations":[{"start":{"line":87,"column":57},"end":{"line":87,"column":66}},{"start":{"line":87,"column":57},"end":{"line":87,"column":66}}]},"11":{"loc":{"start":{"line":89,"column":14},"end":{"line":91,"column":15}},"type":"cond-expr","locations":[{"start":{"line":90,"column":10},"end":{"line":90,"column":64}},{"start":{"line":91,"column":10},"end":{"line":91,"column":15}}]},"12":{"loc":{"start":{"line":89,"column":14},"end":{"line":89,"column":31}},"type":"cond-expr","locations":[{"start":{"line":89,"column":21},"end":{"line":89,"column":23}},{"start":{"line":89,"column":14},"end":{"line":89,"column":31}}]},"13":{"loc":{"start":{"line":89,"column":14},"end":{"line":89,"column":23}},"type":"binary-expr","locations":[{"start":{"line":89,"column":14},"end":{"line":89,"column":23}},{"start":{"line":89,"column":14},"end":{"line":89,"column":23}}]},"14":{"loc":{"start":{"line":90,"column":43},"end":{"line":90,"column":60}},"type":"cond-expr","locations":[{"start":{"line":90,"column":50},"end":{"line":90,"column":52}},{"start":{"line":90,"column":43},"end":{"line":90,"column":60}}]},"15":{"loc":{"start":{"line":90,"column":43},"end":{"line":90,"column":52}},"type":"binary-expr","locations":[{"start":{"line":90,"column":43},"end":{"line":90,"column":52}},{"start":{"line":90,"column":43},"end":{"line":90,"column":52}}]},"16":{"loc":{"start":{"line":92,"column":14},"end":{"line":94,"column":15}},"type":"cond-expr","locations":[{"start":{"line":93,"column":10},"end":{"line":93,"column":72}},{"start":{"line":94,"column":10},"end":{"line":94,"column":15}}]},"17":{"loc":{"start":{"line":92,"column":14},"end":{"line":92,"column":35}},"type":"cond-expr","locations":[{"start":{"line":92,"column":21},"end":{"line":92,"column":23}},{"start":{"line":92,"column":14},"end":{"line":92,"column":35}}]},"18":{"loc":{"start":{"line":92,"column":14},"end":{"line":92,"column":23}},"type":"binary-expr","locations":[{"start":{"line":92,"column":14},"end":{"line":92,"column":23}},{"start":{"line":92,"column":14},"end":{"line":92,"column":23}}]},"19":{"loc":{"start":{"line":93,"column":47},"end":{"line":93,"column":68}},"type":"cond-expr","locations":[{"start":{"line":93,"column":54},"end":{"line":93,"column":56}},{"start":{"line":93,"column":47},"end":{"line":93,"column":68}}]},"20":{"loc":{"start":{"line":93,"column":47},"end":{"line":93,"column":56}},"type":"binary-expr","locations":[{"start":{"line":93,"column":47},"end":{"line":93,"column":56}},{"start":{"line":93,"column":47},"end":{"line":93,"column":56}}]},"21":{"loc":{"start":{"line":95,"column":14},"end":{"line":100,"column":15}},"type":"cond-expr","locations":[{"start":{"line":96,"column":10},"end":{"line":98,"column":null}},{"start":{"line":100,"column":10},"end":{"line":100,"column":15}}]},"22":{"loc":{"start":{"line":101,"column":14},"end":{"line":101,"column":48}},"type":"cond-expr","locations":[{"start":{"line":101,"column":22},"end":{"line":101,"column":40}},{"start":{"line":101,"column":43},"end":{"line":101,"column":48}}]},"23":{"loc":{"start":{"line":116,"column":2},"end":{"line":116,"column":59}},"type":"if","locations":[{"start":{"line":116,"column":2},"end":{"line":116,"column":59}}]},"24":{"loc":{"start":{"line":122,"column":14},"end":{"line":124,"column":15}},"type":"cond-expr","locations":[{"start":{"line":123,"column":10},"end":{"line":123,"column":63}},{"start":{"line":124,"column":10},"end":{"line":124,"column":15}}]},"25":{"loc":{"start":{"line":125,"column":14},"end":{"line":125,"column":78}},"type":"cond-expr","locations":[{"start":{"line":125,"column":25},"end":{"line":125,"column":70}},{"start":{"line":125,"column":73},"end":{"line":125,"column":78}}]}},"s":{"0":1,"1":1,"2":1,"3":13,"4":1,"5":11,"6":11,"7":0,"8":11,"9":11,"10":11,"11":11,"12":11,"13":11,"14":1,"15":11,"16":1,"17":2,"18":2,"19":0,"20":2,"21":2,"22":2,"23":1},"f":{"0":13,"1":11,"2":11,"3":11,"4":1,"5":2,"6":2,"7":2},"b":{"0":[0],"1":[5,6],"2":[3,8],"3":[11,11],"4":[0,5],"5":[5,5],"6":[5,6],"7":[3,8],"8":[11,11],"9":[0,5],"10":[5,5],"11":[1,10],"12":[3,8],"13":[11,11],"14":[0,1],"15":[1,1],"16":[1,10],"17":[3,8],"18":[11,11],"19":[0,1],"20":[1,1],"21":[1,10],"22":[1,10],"23":[0],"24":[1,1],"25":[0,2]}}
,"C:\\Users\\Marcos Paulo\\OneDrive\\Documentos\\Rethink\\Academy\\Repos\\backend-rogue-one\\src\\services\\inventoryServices.ts": {"path":"C:\\Users\\Marcos Paulo\\OneDrive\\Documentos\\Rethink\\Academy\\Repos\\backend-rogue-one\\src\\services\\inventoryServices.ts","statementMap":{"0":{"start":{"line":1,"column":0},"end":{"line":1,"column":70}},"1":{"start":{"line":15,"column":13},"end":{"line":15,"column":67}},"2":{"start":{"line":23,"column":13},"end":{"line":23,"column":65}},"3":{"start":{"line":33,"column":39},"end":{"line":74,"column":2}},"4":{"start":{"line":38,"column":4},"end":{"line":74,"column":2}},"5":{"start":{"line":39,"column":34},"end":{"line":39,"column":71}},"6":{"start":{"line":39,"column":61},"end":{"line":39,"column":70}},"7":{"start":{"line":40,"column":30},"end":{"line":40,"column":65}},"8":{"start":{"line":40,"column":55},"end":{"line":40,"column":64}},"9":{"start":{"line":44,"column":4},"end":{"line":44,"column":6}},"10":{"start":{"line":46,"column":2},"end":{"line":71,"column":null}},"11":{"start":{"line":47,"column":16},"end":{"line":47,"column":47}},"12":{"start":{"line":51,"column":17},"end":{"line":51,"column":39}},"13":{"start":{"line":52,"column":18},"end":{"line":52,"column":34}},"14":{"start":{"line":53,"column":36},"end":{"line":61,"column":null}},"15":{"start":{"line":64,"column":4},"end":{"line":69,"column":7}},"16":{"start":{"line":68,"column":39},"end":{"line":68,"column":58}},"17":{"start":{"line":73,"column":2},"end":{"line":73,"column":20}},"18":{"start":{"line":33,"column":13},"end":{"line":33,"column":39}}},"fnMap":{"0":{"name":"(anonymous_8)","decl":{"start":{"line":33,"column":39},"end":{"line":33,"column":null}},"loc":{"start":{"line":38,"column":4},"end":{"line":74,"column":2}}},"1":{"name":"(anonymous_9)","decl":{"start":{"line":38,"column":4},"end":{"line":38,"column":null}},"loc":{"start":{"line":38,"column":4},"end":{"line":74,"column":1}}},"2":{"name":"(anonymous_10)","decl":{"start":{"line":39,"column":54},"end":{"line":39,"column":55}},"loc":{"start":{"line":39,"column":61},"end":{"line":39,"column":70}}},"3":{"name":"(anonymous_11)","decl":{"start":{"line":40,"column":48},"end":{"line":40,"column":49}},"loc":{"start":{"line":40,"column":55},"end":{"line":40,"column":64}}},"4":{"name":"(anonymous_12)","decl":{"start":{"line":68,"column":24},"end":{"line":68,"column":25}},"loc":{"start":{"line":68,"column":39},"end":{"line":68,"column":58}}}},"branchMap":{},"s":{"0":1,"1":1,"2":1,"3":1,"4":1,"5":1,"6":2,"7":1,"8":2,"9":1,"10":1,"11":1,"12":4,"13":4,"14":4,"15":4,"16":29994,"17":1,"18":1},"f":{"0":1,"1":1,"2":2,"3":2,"4":29994},"b":{}}
}
