TN:
SF:src\repositories\authRepository.ts
FN:15,findUserByEmail
FN:24,createUser
FN:42,updateUser
FN:54,updateUserPassword
FNF:4
FNH:0
FNDA:0,findUserByEmail
FNDA:0,createUser
FNDA:0,updateUser
FNDA:0,updateUserPassword
DA:1,1
DA:4,1
DA:15,1
DA:16,0
DA:17,0
DA:18,0
DA:20,0
DA:24,1
DA:29,0
DA:30,0
DA:36,0
DA:38,0
DA:42,1
DA:43,0
DA:44,0
DA:50,0
DA:54,1
DA:58,0
DA:59,0
DA:66,0
DA:70,1
LF:21
LH:7
BRF:0
BRH:0
end_of_record
TN:
SF:src\services\authService.ts
FN:6,login
FN:41,signUp
FN:55,resetPassword
FN:74,sendPasswordResetEmail
FNF:4
FNH:2
FNDA:3,login
FNDA:0,signUp
FNDA:2,resetPassword
FNDA:0,sendPasswordResetEmail
DA:1,1
DA:2,1
DA:3,1
DA:4,1
DA:6,1
DA:7,3
DA:8,0
DA:10,3
DA:12,3
DA:13,1
DA:16,2
DA:17,1
DA:20,1
DA:21,1
DA:23,1
DA:26,1
DA:33,1
DA:34,1
DA:36,0
DA:41,1
DA:42,0
DA:44,0
DA:45,0
DA:47,0
DA:48,0
DA:50,0
DA:55,1
DA:56,2
DA:58,2
DA:59,1
DA:61,1
DA:62,1
DA:67,1
DA:70,1
DA:74,1
DA:75,0
DA:77,0
DA:82,0
DA:84,0
DA:91,0
DA:93,0
DA:99,0
DA:101,0
DA:105,1
LF:44
LH:28
BRDA:7,0,0,0
BRDA:7,1,0,3
BRDA:7,1,1,3
BRDA:12,2,0,1
BRDA:16,3,0,1
BRDA:20,4,0,1
BRDA:23,5,0,1
BRDA:23,5,1,0
BRDA:44,6,0,0
BRDA:47,7,0,0
BRDA:58,8,0,1
BRDA:58,8,1,1
BRDA:58,9,0,2
BRDA:58,9,1,2
BRDA:61,10,0,1
BRF:15
BRH:11
end_of_record
TN:
SF:src\utils\passwordHash.ts
FN:4,generatePassword
FN:14,validateUser
FNF:2
FNH:0
FNDA:0,generatePassword
FNDA:0,validateUser
DA:1,1
DA:3,1
DA:7,0
DA:8,0
DA:9,0
DA:11,0
DA:18,0
DA:19,0
DA:20,0
DA:22,0
DA:26,1
LF:11
LH:3
BRF:0
BRH:0
end_of_record
