TN:
SF:knexfile.ts
FNF:0
FNH:0
DA:2,1
DA:3,1
DA:7,1
DA:19,1
LF:4
LH:4
BRF:0
BRH:0
end_of_record
TN:
SF:src\repositories\inventoryRepository.ts
FN:13,validateCNPJ
FN:71,(anonymous_9)
FN:76,(anonymous_10)
FN:82,(anonymous_11)
FN:97,(anonymous_12)
FN:111,(anonymous_13)
FN:115,(anonymous_14)
FN:121,(anonymous_15)
FNF:8
FNH:8
FNDA:13,validateCNPJ
FNDA:11,(anonymous_9)
FNDA:11,(anonymous_10)
FNDA:11,(anonymous_11)
FNDA:1,(anonymous_12)
FNDA:2,(anonymous_13)
FNDA:2,(anonymous_14)
FNDA:2,(anonymous_15)
DA:1,1
DA:2,1
DA:4,1
DA:59,13
DA:71,1
DA:76,11
DA:77,11
DA:79,11
DA:83,11
DA:86,11
DA:89,11
DA:92,11
DA:95,11
DA:97,1
DA:101,11
DA:111,1
DA:115,2
DA:116,2
DA:118,2
DA:122,2
DA:125,2
DA:130,1
LF:22
LH:22
BRDA:77,0,0,0
BRDA:83,1,0,5
BRDA:83,1,1,6
BRDA:83,2,0,3
BRDA:83,2,1,8
BRDA:83,3,0,11
BRDA:83,3,1,11
BRDA:84,4,0,0
BRDA:84,4,1,5
BRDA:84,5,0,5
BRDA:84,5,1,5
BRDA:86,6,0,5
BRDA:86,6,1,6
BRDA:86,7,0,3
BRDA:86,7,1,8
BRDA:86,8,0,11
BRDA:86,8,1,11
BRDA:87,9,0,0
BRDA:87,9,1,5
BRDA:87,10,0,5
BRDA:87,10,1,5
BRDA:89,11,0,1
BRDA:89,11,1,10
BRDA:89,12,0,3
BRDA:89,12,1,8
BRDA:89,13,0,11
BRDA:89,13,1,11
BRDA:90,14,0,0
BRDA:90,14,1,1
BRDA:90,15,0,1
BRDA:90,15,1,1
BRDA:92,16,0,1
BRDA:92,16,1,10
BRDA:92,17,0,3
BRDA:92,17,1,8
BRDA:92,18,0,11
BRDA:92,18,1,11
BRDA:93,19,0,0
BRDA:93,19,1,1
BRDA:93,20,0,1
BRDA:93,20,1,1
BRDA:95,21,0,1
BRDA:95,21,1,10
BRDA:101,22,0,1
BRDA:101,22,1,10
BRDA:116,23,0,0
BRDA:122,24,0,1
BRDA:122,24,1,1
BRDA:125,25,0,0
BRDA:125,25,1,2
BRF:50
BRH:43
end_of_record
TN:
SF:src\services\inventoryServices.ts
FN:33,(anonymous_8)
FN:38,(anonymous_9)
FN:39,(anonymous_10)
FN:40,(anonymous_11)
FN:68,(anonymous_12)
FNF:5
FNH:5
FNDA:1,(anonymous_8)
FNDA:1,(anonymous_9)
FNDA:2,(anonymous_10)
FNDA:2,(anonymous_11)
FNDA:29994,(anonymous_12)
DA:1,1
DA:15,1
DA:23,1
DA:33,1
DA:38,1
DA:39,2
DA:40,2
DA:44,1
DA:46,1
DA:47,1
DA:51,4
DA:52,4
DA:53,4
DA:64,4
DA:68,29994
DA:73,1
LF:16
LH:16
BRF:0
BRH:0
end_of_record
